<?xml version="1.0" encoding="UTF-8"?>
<testng-results ignored="0" total="1" passed="1" failed="0" skipped="0">
  <reporter-output>
    <line>
      <![CDATA[Create link is displayed]]>
    </line>
    <line>
      <![CDATA[CheckUnTf test case is pass]]>
    </line>
    <line>
      <![CDATA[CheckPwdTf test case is pass]]>
    </line>
    <line>
      <![CDATA[CheckLoginBtn test case is pass]]>
    </line>
  </reporter-output>
  <suite started-at="2026-04-17T11:45:43 IST" name="Default suite" finished-at="2026-04-17T11:45:51 IST" duration-ms="7980">
    <groups>
    </groups>
    <test started-at="2026-04-17T11:45:43 IST" name="Default test" finished-at="2026-04-17T11:45:51 IST" duration-ms="7980">
      <class name="com.usermanagement.testcases.LoginTest">
        <test-method is-config="true" signature="precondition()[pri:0, instance:com.usermanagement.testcases.LoginTest@62379589]" started-at="2026-04-17T11:45:43 IST" name="precondition" finished-at="2026-04-17T11:45:51 IST" duration-ms="7307" status="PASS">
          <reporter-output>
          </reporter-output>
        </test-method> <!-- precondition -->
        <test-method signature="validLoin()[pri:0, instance:com.usermanagement.testcases.LoginTest@62379589]" started-at="2026-04-17T11:45:51 IST" name="validLoin" finished-at="2026-04-17T11:45:51 IST" duration-ms="226" status="PASS">
          <reporter-output>
            <line>
              <![CDATA[Create link is displayed]]>
            </line>
            <line>
              <![CDATA[CheckUnTf test case is pass]]>
            </line>
            <line>
              <![CDATA[CheckPwdTf test case is pass]]>
            </line>
            <line>
              <![CDATA[CheckLoginBtn test case is pass]]>
            </line>
          </reporter-output>
        </test-method> <!-- validLoin -->
        <test-method is-config="true" signature="postcondition()[pri:0, instance:com.usermanagement.testcases.LoginTest@62379589]" started-at="2026-04-17T11:45:51 IST" name="postcondition" finished-at="2026-04-17T11:45:51 IST" duration-ms="360" status="PASS">
          <reporter-output>
          </reporter-output>
        </test-method> <!-- postcondition -->
      </class> <!-- com.usermanagement.testcases.LoginTest -->
    </test> <!-- Default test -->
  </suite> <!-- Default suite -->
</testng-results>
