<?xml version="1.0" encoding="UTF-8"?>
<!-- Generated by org.testng.reporters.JUnitReportReporter -->
<testsuite hostname="LAPTOP-87Q6CE9M" failures="0" tests="1" name="com.usermanagement.testcases.LoginTest" time="0.226" errors="0" timestamp="2026-04-17T11:45:52 IST" skipped="0">
  <testcase classname="com.usermanagement.testcases.LoginTest" name="validLoin" time="0.226">
    <system-out>
      <![CDATA[Create link is displayed
CheckUnTf test case is pass
CheckPwdTf test case is pass
CheckLoginBtn test case is pass]]>
    </system-out>
  </testcase> <!-- validLoin -->
  <system-out>
    <![CDATA[Create link is displayed
CheckUnTf test case is pass
CheckPwdTf test case is pass
CheckLoginBtn test case is pass]]>
  </system-out>
</testsuite> <!-- com.usermanagement.testcases.LoginTest -->
